Arguments: 
  C:\Program Files\nodejs\node.exe C:\Users\orion\AppData\Roaming\npm\node_modules\yarn\bin\yarn.js

PATH: 
  C:\Python312\Scripts\;C:\Python312\;C:\Program Files\PlasticSCM5\server;C:\Program Files\PlasticSCM5\client;D:\soft\vmsoft\bin\;D:\soft\reactjdk11\bin;D:\soft\java\jdk\bin;D:\soft\java\jre;C:\windows\system32;C:\windows;C:\windows\System32\Wbem;C:\windows\System32\WindowsPowerShell\v1.0\;C:\windows\System32\OpenSSH\;C:\Program Files (x86)\NVIDIA Corporation\PhysX\Common;C:\Program Files\NVIDIA Corporation\NVIDIA NvDLISR;C:\WINDOWS\system32;C:\WINDOWS;C:\WINDOWS\System32\Wbem;C:\WINDOWS\System32\WindowsPowerShell\v1.0\;C:\WINDOWS\System32\OpenSSH\;C:\Program Files\Git\cmd;D:\soft\Bandizip\;C:\Program Files\Microsoft VS Code\bin;D:\soft\androidsdk\platform-tools;D:\soft\androidsdk\emulator;D:\soft\androidsdk\tools;D:\soft\androidsdk\tools\bin;C:\Program Files\MySQL\mysql-5.5.36-winx64\bin;D:\soft\apache-maven-3.6.1\bin;D:\soft\微信web开发者工具\dll;C:\Users\orion\AppData\Local\Yarn\bin;D:\soft\flutter\bin;D:\soft\redis\;C:\Program Files\Microsoft SQL Server\150\Tools\Binn\;C:\Program Files\dotnet\;C:\Program Files\nodejs\;C:\ProgramData\chocolatey\bin;C:\Users\orion\AppData\Local\Microsoft\WindowsApps;D:\soft\IntelliJ IDEA 2022.1.3\bin;D:\soft\IntelliJ IDEA Community Edition 2021.1.3\bin;D:\soft\Fiddler;D:\soft\flutter\bin;C:\Users\orion\.dotnet\tools;C:\Users\orion\AppData\Roaming\npm

Yarn version: 
  1.22.18

Node version: 
  18.20.0

Platform: 
  win32 x64

Trace: 
  Error: EEXIST: file already exists, mkdir 'D:\job\front-all\myblog\node_modules\@mdx-js\loader\node_modules\@types'

npm manifest: 
  {
    "name": "dan-blog",
    "version": "0.1.0",
    "private": true,
    "scripts": {
      "dev": "next dev",
      "build": "next build",
      "start": "next start",
      "lint": "next lint"
    },
    "dependencies": {
      "@mdx-js/loader": "^3.0.0",
      "@mdx-js/react": "^3.0.0",
      "@next/mdx": "^14.1.0",
      "@types/mdx": "^2.0.11",
      "classnames": "^2.5.1",
      "colorjs.io": "^0.4.5",
      "gray-matter": "^4.0.3",
      "next": "14.2.1",
      "next-mdx-remote": "^4.4.1",
      "next-view-transitions": "^0.1.0",
      "pinyin-pro": "^3.19.4",
      "react": "^18",
      "react-dom": "^18",
      "rehype-katex": "^6.0.3",
      "rehype-pretty-code": "^0.13.0",
      "remark": "^15.0.1",
      "remark-math": "^5.1.1",
      "shiki": "^1.1.3",
      "three": "^0.157.0"
    },
    "devDependencies": {
      "@types/node": "^20",
      "@types/react": "^18",
      "@types/react-dom": "^18",
      "autoprefixer": "^10.0.1",
      "eslint": "^8",
      "eslint-config-next": "14.1.0",
      "postcss": "^8",
      "prettier": "^3.2.4",
      "prettier-plugin-tailwindcss": "^0.5.11",
      "tailwindcss": "^3.3.0",
      "typescript": "^5"
    }
  }

yarn manifest: 
  No manifest

Lockfile: 
  No lockfile
